timestamp: 2013-09-10T17:40:02.161187
CREATE TABLE auth_user(
    id INTEGER PRIMARY KEY AUTOINCREMENT,
    first_name CHAR(128),
    last_name CHAR(128),
    email CHAR(512),
    password CHAR(512),
    registration_key CHAR(512),
    reset_password_key CHAR(512),
    registration_id CHAR(512)
);
success!
timestamp: 2013-09-10T17:40:02.166086
CREATE TABLE auth_group(
    id INTEGER PRIMARY KEY AUTOINCREMENT,
    role CHAR(512),
    description TEXT
);
success!
timestamp: 2013-09-10T17:40:02.169034
CREATE TABLE auth_membership(
    id INTEGER PRIMARY KEY AUTOINCREMENT,
    user_id INTEGER REFERENCES auth_user (id) ON DELETE CASCADE,
    group_id INTEGER REFERENCES auth_group (id) ON DELETE CASCADE
);
success!
timestamp: 2013-09-10T17:40:02.171936
CREATE TABLE auth_permission(
    id INTEGER PRIMARY KEY AUTOINCREMENT,
    group_id INTEGER REFERENCES auth_group (id) ON DELETE CASCADE,
    name CHAR(512),
    table_name CHAR(512),
    record_id INTEGER
);
success!
timestamp: 2013-09-10T17:40:02.174873
CREATE TABLE auth_event(
    id INTEGER PRIMARY KEY AUTOINCREMENT,
    time_stamp TIMESTAMP,
    client_ip CHAR(512),
    user_id INTEGER REFERENCES auth_user (id) ON DELETE CASCADE,
    origin CHAR(512),
    description TEXT
);
success!
timestamp: 2013-09-10T17:40:02.178108
CREATE TABLE auth_cas(
    id INTEGER PRIMARY KEY AUTOINCREMENT,
    user_id INTEGER REFERENCES auth_user (id) ON DELETE CASCADE,
    created_on TIMESTAMP,
    service CHAR(512),
    ticket CHAR(512),
    renew CHAR(1)
);
success!
timestamp: 2013-09-10T17:40:02.181536
CREATE TABLE company(
    id INTEGER PRIMARY KEY AUTOINCREMENT,
    company_name CHAR(512) NOT NULL UNIQUE,
    email CHAR(512),
    phone CHAR(512) NOT NULL,
    url CHAR(512)
);
success!
timestamp: 2013-09-10T17:45:33.630318
CREATE TABLE project(
    id INTEGER PRIMARY KEY AUTOINCREMENT,
    name CHAR(512) NOT NULL,
    employee_name INTEGER REFERENCES auth_user (id) ON DELETE CASCADE,
    company_name INTEGER REFERENCES comapny (id) ON DELETE CASCADE,
    description TEXT NOT NULL,
    due_date DATE NOT NULL,
    completed CHAR(1) NOT NULL
);
success!
timestamp: 2013-09-11T10:09:13.850299
ALTER TABLE auth_user ADD city CHAR(512);
timestamp: 2013-09-11T10:09:13.859621
ALTER TABLE auth_user ADD zip CHAR(512);
timestamp: 2013-09-11T10:09:13.861765
ALTER TABLE auth_user ADD image CHAR(512);
timestamp: 2013-09-11T10:09:13.865279
ALTER TABLE auth_user ADD address CHAR(512);
timestamp: 2013-09-11T11:02:42.651326
ALTER TABLE project ADD start_date DATE NOT NULL;
timestamp: 2013-09-11T11:07:01.512376
ALTER TABLE project ADD start_date DATE NOT NULL;
timestamp: 2013-09-11T13:04:58.817660
ALTER TABLE project ADD start_date DATE NOT NULL;
timestamp: 2013-09-11T13:16:49.375495
ALTER TABLE project ADD start_date DATE;
timestamp: 2013-09-11T15:00:14.255862
CREATE TABLE note(
    id INTEGER PRIMARY KEY AUTOINCREMENT,
    post_id INTEGER REFERENCES project (id) ON DELETE CASCADE,
    post TEXT NOT NULL,
    created_on TIMESTAMP,
    created_by INTEGER REFERENCES auth_user (id) ON DELETE CASCADE
);
success!
